<?xml version="1.0" encoding="UTF-8"?>
<!-- Generated by org.testng.reporters.JUnitReportReporter -->
<testsuite hostname="EN1410516" failures="0" tests="1" name="forgotPassword.forgotPasswordTest" time="3.624" errors="0" timestamp="20 Mar 2021 09:12:07 GMT" skipped="0">
  <testcase classname="forgotPassword.forgotPasswordTest" name="passswordRecoveryTest" time="3.624"/>
</testsuite> <!-- forgotPassword.forgotPasswordTest -->
