<?xml version="1.0" encoding="UTF-8"?>
<!-- Generated by org.testng.reporters.JUnitReportReporter -->
<testsuite hostname="EN1410516" failures="0" tests="1" name="forgotPassword.forgotPasswordTest" time="1.631" errors="0" timestamp="19 Mar 2021 13:10:50 GMT" skipped="0">
  <testcase classname="forgotPassword.forgotPasswordTest" name="passswordRecoveryTest" time="1.631"/>
</testsuite> <!-- forgotPassword.forgotPasswordTest -->
