<?xml version="1.0" encoding="UTF-8"?>
<!-- Generated by org.testng.reporters.JUnitReportReporter -->
<testsuite hostname="EN1410516" failures="0" tests="1" name="horizontalSlider.horizontalSliderTest" time="1.342" errors="0" timestamp="20 Mar 2021 07:40:33 GMT" skipped="0">
  <testcase classname="horizontalSlider.horizontalSliderTest" name="sliderTest" time="1.342"/>
</testsuite> <!-- horizontalSlider.horizontalSliderTest -->
