<?xml version="1.0" encoding="UTF-8"?>
<!-- Generated by org.testng.reporters.JUnitReportReporter -->
<testsuite hostname="EN1410516" failures="0" tests="3" name="Keys.keyPressesTest" time="3.178" errors="0" timestamp="20 Mar 2021 09:12:07 GMT" skipped="0">
  <testcase classname="Keys.keyPressesTest" name="testHashtag" time="1.009"/>
  <testcase classname="Keys.keyPressesTest" name="testBackSpace" time="0.997"/>
  <testcase classname="Keys.keyPressesTest" name="testDot" time="1.172"/>
</testsuite> <!-- Keys.keyPressesTest -->
