<?xml version="1.0" encoding="UTF-8"?>
<!-- Generated by org.testng.reporters.JUnitReportReporter -->
<testsuite hostname="EN1410516" failures="0" tests="1" name="EntryAdPageTest.EntryAdTest" time="1.626" errors="0" timestamp="20 Mar 2021 07:40:33 GMT" skipped="0">
  <testcase classname="EntryAdPageTest.EntryAdTest" name="modalWindowTest" time="1.626"/>
</testsuite> <!-- EntryAdPageTest.EntryAdTest -->
