<?xml version="1.0" encoding="UTF-8"?>
<!-- Generated by org.testng.reporters.JUnitReportReporter -->
<testsuite hostname="EN1410516" failures="0" tests="3" name="Keys.keyPressesTest" time="2.323" errors="0" timestamp="20 Mar 2021 09:29:20 GMT" skipped="0">
  <testcase classname="Keys.keyPressesTest" name="testHashtag" time="0.797"/>
  <testcase classname="Keys.keyPressesTest" name="testBackSpace" time="0.724"/>
  <testcase classname="Keys.keyPressesTest" name="testDot" time="0.802"/>
</testsuite> <!-- Keys.keyPressesTest -->
