<?xml version="1.0" encoding="UTF-8"?>
<!-- Generated by org.testng.reporters.JUnitReportReporter -->
<testsuite hostname="EN1410516" failures="0" tests="3" name="Keys.keyPressesTest" time="2.725" errors="0" timestamp="19 Mar 2021 13:10:50 GMT" skipped="0">
  <testcase classname="Keys.keyPressesTest" name="testBackSpace" time="0.884"/>
  <testcase classname="Keys.keyPressesTest" name="testHashtag" time="0.872"/>
  <testcase classname="Keys.keyPressesTest" name="testDot" time="0.969"/>
</testsuite> <!-- Keys.keyPressesTest -->
