<?xml version="1.0" encoding="UTF-8"?>
<!-- Generated by org.testng.reporters.JUnitReportReporter -->
<testsuite hostname="EN1410516" failures="0" tests="1" name="horizontalSlider.horizontalSliderTest" time="1.676" errors="0" timestamp="19 Mar 2021 13:10:50 GMT" skipped="0">
  <testcase classname="horizontalSlider.horizontalSliderTest" name="sliderTest" time="1.676"/>
</testsuite> <!-- horizontalSlider.horizontalSliderTest -->
