<?xml version="1.0" encoding="UTF-8"?>
<!-- Generated by org.testng.reporters.JUnitReportReporter -->
<testsuite hostname="EN1410516" failures="0" tests="2" name="dropdown.dropdownTest" time="1.653" errors="0" timestamp="20 Mar 2021 09:29:20 GMT" skipped="0">
  <testcase classname="dropdown.dropdownTest" name="selectOption2dropdownTest" time="0.741"/>
  <testcase classname="dropdown.dropdownTest" name="selectDromDropdownTest" time="0.912"/>
</testsuite> <!-- dropdown.dropdownTest -->
