<?xml version="1.0" encoding="UTF-8"?>
<!-- Generated by org.testng.reporters.JUnitReportReporter -->
<testsuite hostname="EN1410516" failures="0" tests="2" name="dropdown.dropdownTest" time="1.765" errors="0" timestamp="20 Mar 2021 07:40:33 GMT" skipped="0">
  <testcase classname="dropdown.dropdownTest" name="selectOption2dropdownTest" time="0.821"/>
  <testcase classname="dropdown.dropdownTest" name="selectDromDropdownTest" time="0.944"/>
</testsuite> <!-- dropdown.dropdownTest -->
