<?xml version="1.0" encoding="UTF-8"?>
<!-- Generated by org.testng.reporters.JUnitReportReporter -->
<testsuite hostname="EN1410516" failures="0" tests="2" name="dropdown.dropdownTest" time="2.639" errors="0" timestamp="19 Mar 2021 13:17:08 GMT" skipped="0">
  <testcase classname="dropdown.dropdownTest" name="selectOption2dropdownTest" time="1.220"/>
  <testcase classname="dropdown.dropdownTest" name="selectDromDropdownTest" time="1.419"/>
</testsuite> <!-- dropdown.dropdownTest -->
