<?xml version="1.0" encoding="UTF-8"?>
<!-- Generated by org.testng.reporters.JUnitReportReporter -->
<testsuite hostname="EN1410516" failures="0" tests="2" name="dropdown.dropdownTest" time="2.371" errors="0" timestamp="22 Mar 2021 21:14:44 GMT" skipped="0">
  <testcase classname="dropdown.dropdownTest" name="selectDromDropdownTest" time="1.112"/>
  <testcase classname="dropdown.dropdownTest" name="selectOption2dropdownTest" time="1.259"/>
</testsuite> <!-- dropdown.dropdownTest -->
