<?xml version="1.0" encoding="UTF-8"?>
<!-- Generated by org.testng.reporters.JUnitReportReporter -->
<testsuite hostname="EN1410516" failures="0" tests="3" name="Keys.keyPressesTest" time="3.318" errors="0" timestamp="19 Mar 2021 13:17:08 GMT" skipped="0">
  <testcase classname="Keys.keyPressesTest" name="testBackSpace" time="1.197"/>
  <testcase classname="Keys.keyPressesTest" name="testHashtag" time="1.142"/>
  <testcase classname="Keys.keyPressesTest" name="testDot" time="0.979"/>
</testsuite> <!-- Keys.keyPressesTest -->
