<?xml version="1.0" encoding="UTF-8"?>
<!-- Generated by org.testng.reporters.JUnitReportReporter -->
<testsuite hostname="EN1410516" failures="0" tests="3" name="Keys.keyPressesTest" time="2.656" errors="0" timestamp="20 Mar 2021 07:40:33 GMT" skipped="0">
  <testcase classname="Keys.keyPressesTest" name="testBackSpace" time="1.019"/>
  <testcase classname="Keys.keyPressesTest" name="testHashtag" time="0.837"/>
  <testcase classname="Keys.keyPressesTest" name="testDot" time="0.800"/>
</testsuite> <!-- Keys.keyPressesTest -->
