<?xml version="1.0" encoding="UTF-8"?>
<!-- Generated by org.testng.reporters.JUnitReportReporter -->
<testsuite hostname="EN1410516" failures="0" tests="2" name="dropdown.dropdownTest" time="2.160" errors="0" timestamp="20 Mar 2021 09:12:07 GMT" skipped="0">
  <testcase classname="dropdown.dropdownTest" name="selectOption2dropdownTest" time="1.002"/>
  <testcase classname="dropdown.dropdownTest" name="selectDromDropdownTest" time="1.158"/>
</testsuite> <!-- dropdown.dropdownTest -->
