<?xml version="1.0" encoding="UTF-8"?>
<!-- Generated by org.testng.reporters.JUnitReportReporter -->
<testsuite hostname="EN1410516" failures="0" tests="1" name="horizontalSlider.horizontalSliderTest" time="1.327" errors="0" timestamp="22 Mar 2021 21:14:44 GMT" skipped="0">
  <testcase classname="horizontalSlider.horizontalSliderTest" name="sliderTest" time="1.327"/>
</testsuite> <!-- horizontalSlider.horizontalSliderTest -->
