<?xml version="1.0" encoding="UTF-8"?>
<!-- Generated by org.testng.reporters.JUnitReportReporter -->
<testsuite hostname="EN1410516" failures="0" tests="3" name="Keys.keyPressesTest" time="2.459" errors="0" timestamp="22 Mar 2021 21:14:44 GMT" skipped="0">
  <testcase classname="Keys.keyPressesTest" name="testHashtag" time="0.881"/>
  <testcase classname="Keys.keyPressesTest" name="testBackSpace" time="0.893"/>
  <testcase classname="Keys.keyPressesTest" name="testDot" time="0.685"/>
</testsuite> <!-- Keys.keyPressesTest -->
